<?xml version="1.0" encoding="UTF-8"?>
<!-- Generated by org.testng.reporters.JUnitReportReporter -->
<testsuite hostname="Garimas-MacBook-Pro.local" failures="0" tests="1" name="com.fox.testcases.FoxTestCases" time="217.108" errors="0" timestamp="13 Aug 2018 03:08:36 GMT" skipped="0">
  <testcase classname="com.fox.testcases.FoxTestCases" name="test1" time="217.108"/>
</testsuite> <!-- com.fox.testcases.FoxTestCases -->
